Installing dependencies from lock file (including require-dev)
Verifying lock file contents can be installed on current platform.
Package operations: 3 installs, 0 updates, 0 removals
  - Downloading vlucas/phpdotenv (v5.6.4)
 0/1 [>---------------------------]   0%
 1/1 [============================] 100%
  - Installing symfony/polyfill-php80 (v1.37.0): Extracting archive
  - Installing symfony/polyfill-mbstring (v1.38.2): Extracting archive
  - Installing vlucas/phpdotenv (v5.6.4): Extracting archive
 0/3 [>---------------------------]   0%
 2/3 [==================>---------]  66%    Install of vlucas/phpdotenv failed
The disk hosting /mnt/desktop/courier-management-system/vendor has less than 100MiB of free space, this may be the cause of the following exception
The following exception is caused by a process timeout
Check https://getcomposer.org/doc/06-config.md#process-timeout for details

In Process.php line 1205:
                                                                               
  The process "'/usr/bin/unzip' '-qq' '/mnt/desktop/courier-management-system  
  /vendor/composer/tmp-7f9301ba8862164ba1159c2abe064e6b.zip' '-d' '/mnt/deskt  
  op/courier-management-system/vendor/composer/63ac00ae'" exceeded the timeou  
  t of 300 seconds.                                                            
                                                                               

install [--prefer-source] [--prefer-dist] [--prefer-install PREFER-INSTALL] [--dry-run] [--download-only] [--dev] [--no-suggest] [--no-dev] [--no-security-blocking] [--no-blocking] [--no-autoloader] [--no-progress] [--no-install] [--audit] [--audit-format AUDIT-FORMAT] [-v|vv|vvv|--verbose] [-o|--optimize-autoloader] [-a|--classmap-authoritative] [--strict-psr-autoloader] [--apcu-autoloader] [--apcu-autoloader-prefix APCU-AUTOLOADER-PREFIX] [--ignore-platform-req IGNORE-PLATFORM-REQ] [--ignore-platform-reqs] [--] [<packages>...]

